 --- Init ---
RandomJavaBot
 --- Bot used 125 milliseconds ---
-----------------------------------------------------------------------------
 --- Frame #1 ---
7 15 4 
 --- Bot used 5 milliseconds ---
-----------------------------------------------------------------------------
 --- Frame #2 ---
6 15 0 7 15 0 
 --- Bot used 3 milliseconds ---
-----------------------------------------------------------------------------
 --- Frame #3 ---
6 15 0 7 15 0 
 --- Bot used 2 milliseconds ---
-----------------------------------------------------------------------------
 --- Frame #4 ---
7 15 4 6 15 0 
 --- Bot used 2 milliseconds ---
-----------------------------------------------------------------------------
 --- Frame #5 ---
6 15 3 7 15 0 
 --- Bot used 4 milliseconds ---
-----------------------------------------------------------------------------
 --- Frame #6 ---
6 15 0 7 15 0 6 16 0 
 --- Bot used 4 milliseconds ---
-----------------------------------------------------------------------------
 --- Frame #7 ---
6 15 0 7 15 0 6 16 0 
 --- Bot used 2 milliseconds ---
-----------------------------------------------------------------------------
 --- Frame #8 ---
6 15 0 7 15 0 6 16 0 
 --- Bot used 2 milliseconds ---
-----------------------------------------------------------------------------
 --- Frame #9 ---
6 15 3 6 16 0 7 15 0 
 --- Bot used 2 milliseconds ---
-----------------------------------------------------------------------------
 --- Frame #10 ---
6 16 3 6 15 0 7 15 0 
 --- Bot used 1 milliseconds ---
-----------------------------------------------------------------------------
 --- Frame #11 ---
7 15 4 6 15 0 6 16 0 6 17 0 
 --- Bot used 1 milliseconds ---
-----------------------------------------------------------------------------
 --- Frame #12 ---
6 15 4 7 15 0 6 16 0 6 17 0 
 --- Bot used 4 milliseconds ---
-----------------------------------------------------------------------------
 --- Frame #13 ---
5 15 0 6 15 0 7 15 0 6 16 0 6 17 0 
 --- Bot used 2 milliseconds ---
-----------------------------------------------------------------------------
 --- Frame #14 ---
5 15 0 6 15 0 7 15 0 6 16 0 6 17 0 
 --- Bot used 1 milliseconds ---
-----------------------------------------------------------------------------
 --- Frame #15 ---
6 16 3 6 17 0 5 15 0 6 15 0 7 15 0 
 --- Bot used 1 milliseconds ---
-----------------------------------------------------------------------------
 --- Frame #16 ---
6 17 3 6 15 4 5 15 0 7 15 0 6 16 0 
 --- Bot used 1 milliseconds ---
-----------------------------------------------------------------------------
 --- Frame #17 ---
5 15 3 6 15 0 7 15 0 6 16 0 6 17 0 6 18 0 
 --- Bot used 2 milliseconds ---
-----------------------------------------------------------------------------
 --- Frame #18 ---
5 15 0 6 15 0 7 15 0 5 16 0 6 16 0 6 17 0 6 18 0 
 --- Bot used 1 milliseconds ---
-----------------------------------------------------------------------------
 --- Frame #19 ---
6 15 2 7 15 0 5 15 0 5 16 0 6 16 0 6 17 0 6 18 0 
 --- Bot used 1 milliseconds ---
-----------------------------------------------------------------------------
 --- Frame #20 ---
7 15 3 6 17 3 6 18 0 5 15 0 6 15 0 5 16 0 6 16 0 
 --- Bot used 1 milliseconds ---
-----------------------------------------------------------------------------
 --- Frame #21 ---
6 18 3 6 16 4 5 16 0 5 15 0 6 15 0 7 15 0 7 16 0 6 17 0 
 --- Bot used 5 milliseconds ---
-----------------------------------------------------------------------------
 --- Frame #22 ---
5 16 3 5 15 0 6 15 0 7 15 0 6 16 0 7 16 0 6 17 0 6 18 0 6 19 0 
 --- Bot used 2 milliseconds ---
-----------------------------------------------------------------------------
 --- Frame #23 ---
5 15 0 6 15 0 7 15 0 5 16 0 6 16 0 7 16 0 5 17 0 6 17 0 6 18 0 6 19 0 
 --- Bot used 2 milliseconds ---
-----------------------------------------------------------------------------
 --- Frame #24 ---
7 15 3 7 16 0 6 18 3 6 19 0 5 15 0 6 15 0 5 16 0 6 16 0 5 17 0 6 17 0 
 --- Bot used 1 milliseconds ---
-----------------------------------------------------------------------------
 --- Frame #25 ---
7 16 3 6 19 4 6 15 4 5 15 0 6 17 4 5 17 0 7 15 0 5 16 0 6 16 0 6 18 0 
 --- Bot used 1 milliseconds ---
-----------------------------------------------------------------------------
 --- Frame #26 ---
5 15 4 7 16 3 5 17 3 6 17 2 6 15 0 7 15 0 5 16 0 6 16 0 6 18 0 5 19 0 6 19 0 
 --- Bot used 1 milliseconds ---
-----------------------------------------------------------------------------
 --- Frame #27 ---
4 15 0 5 15 0 6 15 0 7 15 0 5 16 0 6 16 0 7 16 0 5 17 0 6 17 0 7 17 0 5 18 0 6 18 0 5 19 0 6 19 0 
 --- Bot used 2 milliseconds ---
-----------------------------------------------------------------------------
 --- Frame #28 ---
6 19 4 5 19 0 4 15 0 5 15 0 6 15 0 7 15 0 5 16 0 6 16 0 7 16 0 5 17 0 6 17 0 7 17 0 5 18 0 6 18 0 
 --- Bot used 1 milliseconds ---
-----------------------------------------------------------------------------
 --- Frame #29 ---
5 19 4 6 16 4 5 16 0 4 15 0 5 15 0 6 15 0 7 15 0 7 16 0 5 17 0 6 17 0 7 17 0 5 18 0 6 18 0 6 19 0 
 --- Bot used 1 milliseconds ---
-----------------------------------------------------------------------------
 --- Frame #30 ---
5 16 4 5 19 4 5 18 2 6 18 0 4 15 0 5 15 0 6 15 0 7 15 0 6 16 0 7 16 0 5 17 0 6 17 0 7 17 0 6 19 0 
 --- Bot used 3 milliseconds ---
-----------------------------------------------------------------------------
 --- Frame #31 ---
6 18 2 5 15 4 4 15 0 6 15 2 7 15 0 4 16 0 5 16 0 6 16 0 7 16 0 5 17 0 6 17 0 7 17 0 5 18 0 4 19 0 5 19 0 6 19 0 
 --- Bot used 2 milliseconds ---
-----------------------------------------------------------------------------
 --- Frame #32 ---
4 15 4 7 15 1 5 15 0 6 15 0 4 16 0 5 16 0 6 16 0 7 16 0 5 17 0 6 17 0 7 17 0 5 18 0 6 18 0 7 18 0 4 19 0 5 19 0 6 19 0 
 --- Bot used 3 milliseconds ---
-----------------------------------------------------------------------------
 --- Frame #33 ---
7 15 1 5 17 3 5 18 0 6 19 4 5 19 0 3 15 0 4 15 0 5 15 0 6 15 0 4 16 0 5 16 0 6 16 0 7 16 0 6 17 0 7 17 0 6 18 0 7 18 0 4 19 0 
 --- Bot used 3 milliseconds ---
-----------------------------------------------------------------------------
 --- Frame #34 ---
5 18 4 5 19 3 7 16 3 7 17 0 7 14 0 3 15 0 4 15 0 5 15 0 6 15 0 7 15 0 4 16 0 5 16 0 6 16 0 5 17 0 6 17 0 6 18 0 7 18 0 4 19 0 6 19 0 
 --- Bot used 4 milliseconds ---
-----------------------------------------------------------------------------
 --- Frame #35 ---
7 17 2 4 18 3 4 19 0 7 14 0 3 15 0 4 15 0 5 15 0 6 15 0 7 15 0 4 16 0 5 16 0 6 16 0 7 16 0 5 17 0 6 17 0 5 18 0 6 18 0 7 18 0 5 19 0 6 19 0 5 20 0 
 --- Bot used 1 milliseconds ---
-----------------------------------------------------------------------------
 --- Frame #36 ---
7 17 2 4 19 3 4 15 4 3 15 0 6 18 2 7 18 0 7 14 0 5 15 0 6 15 0 7 15 0 4 16 0 5 16 0 6 16 0 7 16 0 5 17 0 6 17 0 4 18 0 5 18 0 5 19 0 6 19 0 5 20 0 
 --- Bot used 1 milliseconds ---
-----------------------------------------------------------------------------
 --- Frame #37 ---
3 15 4 7 18 3 4 19 3 5 20 4 5 16 4 4 16 0 7 14 0 4 15 0 5 15 0 6 15 0 7 15 0 6 16 0 7 16 0 5 17 0 6 17 0 7 17 0 8 17 0 4 18 0 5 18 0 6 18 0 5 19 0 6 19 0 
 --- Bot used 2 milliseconds ---
-----------------------------------------------------------------------------
 --- Frame #38 ---
4 16 3 7 15 1 7 14 0 6 17 4 5 17 0 5 19 2 6 19 0 2 15 0 3 15 0 4 15 0 5 15 0 6 15 0 5 16 0 6 16 0 7 16 0 7 17 0 8 17 0 4 18 0 5 18 0 6 18 0 7 18 0 4 19 0 7 19 0 4 20 0 5 20 0 
 --- Bot used 2 milliseconds ---
-----------------------------------------------------------------------------
 --- Frame #39 ---
7 14 1 6 19 3 5 15 2 6 15 0 4 20 2 5 20 0 2 15 0 3 15 0 4 15 0 7 15 0 4 16 0 5 16 0 6 16 0 7 16 0 4 17 0 5 17 0 6 17 0 7 17 0 8 17 0 4 18 0 5 18 0 6 18 0 7 18 0 4 19 0 5 19 0 7 19 0 
 --- Bot used 2 milliseconds ---
-----------------------------------------------------------------------------
 --- Frame #40 ---
6 15 1 3 15 4 2 15 0 4 18 3 4 19 0 5 20 2 6 20 0 7 13 0 7 14 0 4 15 0 5 15 0 7 15 0 4 16 0 5 16 0 6 16 0 7 16 0 4 17 0 5 17 0 6 17 0 7 17 0 8 17 0 5 18 0 6 18 0 7 18 0 5 19 0 6 19 0 7 19 0 4 20 0 
 --- Bot used 4 milliseconds ---
-----------------------------------------------------------------------------
 --- Frame #41 ---
7 14 4 2 15 1 6 15 1 4 19 4 6 20 2 5 17 4 4 17 0 7 13 0 3 15 0 4 15 0 5 15 0 7 15 0 4 16 0 5 16 0 6 16 0 7 16 0 6 17 0 7 17 0 8 17 0 4 18 0 5 18 0 6 18 0 7 18 0 5 19 0 6 19 0 7 19 0 4 20 0 5 20 0 
 --- Bot used 1 milliseconds ---
-----------------------------------------------------------------------------
 --- Frame #42 ---
4 17 4 6 16 2 7 16 0 7 13 0 2 14 0 6 14 0 7 14 0 2 15 0 3 15 0 4 15 0 5 15 0 6 15 0 7 15 0 4 16 0 5 16 0 5 17 0 6 17 0 7 17 0 8 17 0 4 18 0 5 18 0 6 18 0 7 18 0 3 19 0 4 19 0 5 19 0 6 19 0 7 19 0 4 20 0 5 20 0 6 20 0 7 20 0 
 --- Bot used 2 milliseconds ---
-----------------------------------------------------------------------------
 --- Frame #43 ---
7 16 2 2 15 1 2 14 0 4 15 4 3 15 0 5 18 4 4 18 0 7 19 1 7 18 0 7 13 0 6 14 0 7 14 0 5 15 0 6 15 0 7 15 0 4 16 0 5 16 0 6 16 0 3 17 0 4 17 0 5 17 0 6 17 0 7 17 0 8 17 0 6 18 0 3 19 0 4 19 0 5 19 0 6 19 0 4 20 0 5 20 0 6 20 0 7 20 0 
 --- Bot used 1 milliseconds ---
-----------------------------------------------------------------------------
 --- Frame #44 ---
2 14 1 3 15 1 4 18 4 7 18 2 7 14 1 7 13 0 7 17 2 8 17 0 4 19 3 4 20 0 6 14 0 2 15 0 4 15 0 5 15 0 6 15 0 7 15 0 4 16 0 5 16 0 6 16 0 7 16 0 8 16 0 3 17 0 4 17 0 5 17 0 6 17 0 5 18 0 6 18 0 3 19 0 5 19 0 6 19 0 7 19 0 5 20 0 6 20 0 7 20 0 
 --- Bot used 2 milliseconds ---
-----------------------------------------------------------------------------
 --- Frame #45 ---
7 13 1 8 17 2 4 20 4 5 19 3 5 20 0 2 13 0 2 14 0 3 14 0 6 14 0 7 14 0 2 15 0 3 15 0 4 15 0 5 15 0 6 15 0 7 15 0 4 16 0 5 16 0 6 16 0 7 16 0 8 16 0 3 17 0 4 17 0 5 17 0 6 17 0 7 17 0 3 18 0 4 18 0 5 18 0 6 18 0 7 18 0 8 18 0 3 19 0 4 19 0 6 19 0 7 19 0 6 20 0 7 20 0 
 --- Bot used 2 milliseconds ---
-----------------------------------------------------------------------------
 --- Frame #46 ---
5 20 3 2 14 1 2 13 0 5 16 4 4 16 0 3 18 3 3 19 0 6 20 2 7 20 0 7 12 0 7 13 0 3 14 0 6 14 0 7 14 0 2 15 0 3 15 0 4 15 0 5 15 0 6 15 0 7 15 0 6 16 0 7 16 0 8 16 0 3 17 0 4 17 0 5 17 0 6 17 0 7 17 0 8 17 0 9 17 0 4 18 0 5 18 0 6 18 0 7 18 0 8 18 0 4 19 0 5 19 0 6 19 0 7 19 0 3 20 0 4 20 0 
 --- Bot used 2 milliseconds ---
-----------------------------------------------------------------------------
 --- Frame #47 ---
2 13 1 4 16 4 3 19 4 7 20 2 7 13 1 7 12 0 3 15 4 2 15 0 6 15 2 7 15 0 4 17 4 3 17 0 2 14 0 3 14 0 6 14 0 7 14 0 4 15 0 5 15 0 5 16 0 6 16 0 7 16 0 8 16 0 5 17 0 6 17 0 7 17 0 8 17 0 9 17 0 3 18 0 4 18 0 5 18 0 6 18 0 7 18 0 8 18 0 4 19 0 5 19 0 6 19 0 7 19 0 3 20 0 4 20 0 5 20 0 6 20 0 5 21 0 
 --- Bot used 1 milliseconds ---
-----------------------------------------------------------------------------
 --- Frame #48 ---
7 12 2 2 13 1 2 15 4 7 15 2 3 14 4 2 14 0 3 17 1 3 17 3 6 19 2 7 19 0 7 13 0 6 14 0 7 14 0 3 15 0 4 15 0 5 15 0 6 15 0 3 16 0 4 16 0 5 16 0 6 16 0 7 16 0 8 16 0 4 17 0 5 17 0 6 17 0 7 17 0 8 17 0 9 17 0 3 18 0 4 18 0 5 18 0 6 18 0 7 18 0 8 18 0 2 19 0 3 19 0 4 19 0 5 19 0 3 20 0 4 20 0 5 20 0 6 20 0 7 20 0 8 20 0 5 21 0 
 --- Bot used 4 milliseconds ---
-----------------------------------------------------------------------------
 --- Frame #49 ---
3 18 4 7 12 2 2 14 4 7 15 2 8 16 1 7 19 2 7 14 4 6 14 0 2 12 0 2 13 0 7 13 0 3 14 0 1 15 0 2 15 0 3 15 0 4 15 0 5 15 0 6 15 0 3 16 0 4 16 0 5 16 0 6 16 0 7 16 0 3 17 0 4 17 0 5 17 0 6 17 0 7 17 0 8 17 0 9 17 0 4 18 0 5 18 0 6 18 0 7 18 0 8 18 0 2 19 0 3 19 0 4 19 0 5 19 0 6 19 0 3 20 0 4 20 0 5 20 0 6 20 0 7 20 0 8 20 0 5 21 0 
 --- Bot used 1 milliseconds ---
-----------------------------------------------------------------------------
 --- Frame #50 ---
lol
 --- Bot used 0 milliseconds ---
ERRORED!
Response received (if any):
lol
 --- Bot was killed. Below is the rest of its output (if any): ---
1 15 4 6 14 1 4 15 2 5 15 0 7 18 2 8 18 0 2 19 1 2 18 0 4 19 3 4 20 0 2 12 0 7 12 0 8 12 0 2 13 0 7 13 0 1 14 0 2 14 0 3 14 0 7 14 0 2 15 0 3 15 0 6 15 0 7 15 0 8 15 0 3 16 0 4 16 0 5 16 0 6 16 0 7 16 0 8 16 0 3 17 0 4 17 0 5 17 0 6 17 0 7 17 0 8 17 0 9 17 0 3 18 0 4 18 0 5 18 0 6 18 0 3 19 0 5 19 0 6 19 0 7 19 0 8 19 0 3 20 0 5 20 0 6 20 0 7 20 0 8 20 0 5 21 0 

 --- End bot output ---