 --- Init ---
RandomJavaBot
 --- Bot used 125 milliseconds ---
-----------------------------------------------------------------------------
 --- Frame #1 ---
0 22 2 
 --- Bot used 5 milliseconds ---
-----------------------------------------------------------------------------
 --- Frame #2 ---
0 22 0 1 22 0 
 --- Bot used 3 milliseconds ---
-----------------------------------------------------------------------------
 --- Frame #3 ---
0 22 0 1 22 0 
 --- Bot used 2 milliseconds ---
-----------------------------------------------------------------------------
 --- Frame #4 ---
0 22 0 1 22 0 
 --- Bot used 2 milliseconds ---
-----------------------------------------------------------------------------
 --- Frame #5 ---
0 22 0 1 22 0 
 --- Bot used 3 milliseconds ---
-----------------------------------------------------------------------------
 --- Frame #6 ---
0 22 0 1 22 4 
 --- Bot used 3 milliseconds ---
-----------------------------------------------------------------------------
 --- Frame #7 ---
0 22 4 1 22 0 
 --- Bot used 2 milliseconds ---
-----------------------------------------------------------------------------
 --- Frame #8 ---
0 22 0 1 22 0 29 22 0 
 --- Bot used 1 milliseconds ---
-----------------------------------------------------------------------------
 --- Frame #9 ---
0 22 0 1 22 0 29 22 0 
 --- Bot used 2 milliseconds ---
-----------------------------------------------------------------------------
 --- Frame #10 ---
0 22 0 1 22 0 29 22 0 
 --- Bot used 4 milliseconds ---
-----------------------------------------------------------------------------
 --- Frame #11 ---
0 22 0 1 22 0 29 22 0 
 --- Bot used 2 milliseconds ---
-----------------------------------------------------------------------------
 --- Frame #12 ---
0 22 0 29 22 0 1 22 4 
 --- Bot used 2 milliseconds ---
-----------------------------------------------------------------------------
 --- Frame #13 ---
I'm here
 --- Bot used 2 milliseconds ---
ERRORED!
Response received (if any):
I'm here
 --- Bot was killed. Below is the rest of its output (if any): ---
0 22 3 1 22 0 29 22 0 

 --- End bot output ---